2024-09-03 09:03:24,451 [INFO] Find the best matching app for apps/extended-apps.json
2024-09-03 09:11:42,756 [INFO] Find the best matching app for blah.json
2024-09-03 09:11:42,756 [WARNING] Input json file not found!
2024-09-03 13:28:24,271 [INFO] Find the best matching app for apps/original-apps.json
2024-09-03 13:58:08,836 [INFO] Find the best matching app for apps/original-apps
2024-09-03 13:58:08,837 [WARNING] Input json file not found!
2024-09-03 15:41:33,492 [INFO] Find the best matching app for apps/original-apps
2024-09-03 15:41:33,493 [WARNING] Input JSON app file not found!
2024-09-03 15:41:33,493 [WARNING] Current JSON apps file not found!
2024-09-03 15:41:49,260 [INFO] Find the best matching app for apps/extended-apps.json
2024-09-03 15:42:10,044 [INFO] Find the best matching app for apps/original-apps.json
2024-09-03 15:42:10,044 [WARNING] Current JSON apps file not found!
2024-09-03 15:42:39,944 [INFO] Find the best matching app for apps/original-apps.json
2024-09-03 15:42:39,944 [WARNING] Current JSON apps file not found!
2024-09-03 15:43:22,231 [INFO] Find the best matching app for apps/original-apps.json
2024-09-03 15:43:22,232 [WARNING] Current JSON apps file not found!
2024-09-03 15:45:22,737 [INFO] Find the best matching app for apps/original-apps.json
2024-09-03 15:45:22,737 [INFO] dict_keys(['AppID1', 'AppID2'])
2024-09-03 15:47:12,821 [INFO] Find the best matching app for apps/original-apps.json
2024-09-03 15:47:28,760 [INFO] Find the best matching app for apps/original-apps.json
2024-09-03 15:47:28,760 [WARNING] Current JSON apps file not found!
2024-09-03 15:49:11,644 [INFO] Find the best matching app for apps/original-apps.json
2024-09-03 15:49:11,645 [INFO] dict_keys(['AppID1', 'AppID2'])
2024-09-03 15:49:21,678 [INFO] Find the best matching app for apps/original-apps.json
2024-09-03 15:49:21,678 [INFO] dict_keys(['AppID1', 'AppID2'])
2024-09-03 15:49:44,665 [INFO] Find the best matching app for apps/original-apps.json
2024-09-03 15:49:44,665 [INFO] dict_keys(['AppID1', 'AppID2'])
2024-09-03 15:52:00,504 [INFO] Find the best matching app for apps/original-apps.json
2024-09-03 15:52:00,505 [INFO] dict_keys(['AppID1', 'AppID2'])
2024-09-03 15:52:33,265 [INFO] Find the best matching app for apps/original-apps.json
2024-09-03 15:52:39,831 [INFO] Find the best matching app for apps/original-apps.json
2024-09-03 15:54:04,061 [INFO] Find the best matching app for apps/original-apps.json
2024-09-03 15:54:22,145 [INFO] Find the best matching app for apps/original-apps.json
2024-09-03 15:54:32,633 [INFO] Find the best matching app for apps/original-apps.json
2024-09-03 15:54:52,982 [INFO] Find the best matching app for apps/original-apps.json
2024-09-03 16:09:56,822 [INFO] Find the best matching app for apps/original-apps.json
2024-09-03 16:09:56,823 [INFO] dict_keys(['AppID1', 'AppID2'])
2024-09-03 16:10:10,479 [INFO] Find the best matching app for apps/original-apps.json
2024-09-03 16:10:10,480 [INFO] dict_keys(['AppID1', 'AppID2'])
2024-09-03 16:10:54,360 [INFO] Find the best matching app for apps/original-apps.json
2024-09-03 16:10:54,361 [INFO] dict_keys(['AppID1', 'AppID2'])
2024-09-03 16:11:24,317 [INFO] Find the best matching app for apps/original-apps.json
2024-09-03 16:11:24,318 [INFO] dict_keys(['AppID1', 'AppID2'])
2024-09-03 16:11:42,350 [INFO] Find the best matching app for apps/original-apps.json
2024-09-03 16:11:42,352 [INFO] dict_keys(['AppID1', 'AppID2'])
2024-09-03 16:12:02,257 [INFO] Find the best matching app for apps/original-apps.json
2024-09-03 16:12:02,259 [INFO] dict_keys(['AppID1', 'AppID2'])
2024-09-03 16:12:18,730 [INFO] Find the best matching app for apps/original-apps.json
2024-09-03 16:12:18,732 [INFO] dict_keys(['AppID1', 'AppID2'])
2024-09-03 16:12:37,289 [INFO] Find the best matching app for apps/original-apps.json
2024-09-03 16:12:37,291 [INFO] dict_keys(['AppID1', 'AppID2'])
2024-09-03 16:12:47,858 [INFO] Find the best matching app for apps/original-apps.json
2024-09-03 16:12:47,860 [INFO] dict_keys(['AppID1', 'AppID2'])
2024-09-03 16:13:00,651 [INFO] Find the best matching app for apps/original-apps.json
2024-09-03 16:13:00,652 [INFO] dict_keys(['AppID1', 'AppID2'])
2024-09-03 16:16:04,417 [INFO] Find the best matching app for apps/original-apps.json
2024-09-03 16:16:04,418 [INFO] dict_keys(['AppID1', 'AppID2'])
2024-09-03 17:04:57,857 [INFO] Find the best matching app for apps/original-apps.json
2024-09-03 17:04:57,859 [INFO] dict_keys(['AppID1', 'AppID2'])
2024-09-03 17:05:08,082 [INFO] Find the best matching app for apps/original-apps.json
2024-09-03 17:05:08,083 [INFO] dict_keys(['AppID1', 'AppID2'])
2024-09-03 17:06:05,485 [INFO] Find the best matching app for apps/original-apps.json
2024-09-03 17:06:05,486 [INFO] dict_keys(['AppID1', 'AppID2'])
2024-09-03 17:08:29,749 [INFO] Find the best matching app for apps/original-apps.json
2024-09-03 17:08:29,750 [INFO] dict_keys(['AppID1', 'AppID2'])
2024-09-03 17:08:32,795 [INFO] Find the best matching app for apps/original-apps.json
2024-09-03 17:08:32,796 [INFO] dict_keys(['AppID1', 'AppID2', 'AppID3', 'AppID4', 'AppID5'])
2024-09-03 17:09:01,312 [INFO] Find the best matching app for apps/original-apps.json
2024-09-03 17:09:01,313 [INFO] dict_keys(['AppID1', 'AppID2', 'AppID3', 'AppID4', 'AppID5'])
2024-09-03 17:09:38,767 [INFO] Find the best matching app for apps/original-apps.json
2024-09-03 17:09:38,768 [INFO] dict_keys(['AppID1', 'AppID2', 'AppID3', 'AppID4', 'AppID5'])
2024-09-03 17:10:02,217 [INFO] Find the best matching app for apps/original-apps.json
2024-09-03 17:10:02,218 [INFO] dict_keys(['AppID1', 'AppID2', 'AppID3', 'AppID4'])
2024-09-03 19:04:56,061 [INFO] Find the best matching app for apps/original-apps.json
2024-09-03 19:04:56,062 [INFO] dict_keys(['AppID1', 'AppID2', 'AppID3', 'AppID4', 'AppID5'])
2024-09-03 19:05:01,512 [INFO] Find the best matching app for apps/original-apps.json
2024-09-03 19:05:01,513 [INFO] dict_keys(['AppID1', 'AppID2'])
2024-09-03 19:12:09,155 [INFO] Find the best matching app for apps/original-apps.json
2024-09-03 19:12:09,155 [INFO] Reading the new app JSON...
2024-09-03 19:12:09,156 [INFO] The new app JSON is loaded
2024-09-03 19:12:09,157 [INFO] dict_keys(['AppID1', 'AppID2', 'AppID3', 'AppID4', 'AppID5'])
2024-09-03 19:12:12,949 [INFO] Find the best matching app for apps/original-apps.json
2024-09-03 19:12:12,949 [INFO] Reading the new app JSON...
2024-09-03 19:12:12,950 [INFO] The new app JSON is loaded
2024-09-03 19:12:12,950 [INFO] dict_keys(['AppID1', 'AppID2'])
2024-09-03 19:12:21,596 [INFO] Find the best matching app for apps/original-apps.json
2024-09-03 19:12:21,596 [INFO] Reading the new app JSON...
2024-09-03 19:12:21,596 [INFO] The new app JSON is loaded
2024-09-03 19:12:21,597 [INFO] dict_keys(['AppID1', 'AppID2', 'AppID3', 'AppID4'])
2024-09-03 19:14:25,270 [INFO] Find the best matching app for apps/original-apps.json
2024-09-03 19:14:33,931 [INFO] Find the best matching app for apps/original-apps.json
2024-09-03 19:14:33,931 [INFO] Reading the new app JSON...
2024-09-03 19:14:33,932 [INFO] The new app JSON is loaded
2024-09-03 19:14:33,932 [INFO] dict_keys(['AppID1', 'AppID2'])
2024-09-03 19:14:38,073 [INFO] Find the best matching app for apps/original-apps.json
2024-09-03 19:14:38,073 [INFO] Reading the new app JSON...
2024-09-03 19:14:38,073 [INFO] The new app JSON is loaded
2024-09-03 19:14:38,074 [INFO] dict_keys(['AppID1', 'AppID2', 'AppID3', 'AppID4'])
2024-09-03 19:14:50,032 [INFO] Find the best matching app for apps/original-apps.json
2024-09-03 19:14:50,032 [INFO] Reading the new app JSON...
2024-09-03 19:14:50,033 [INFO] The new app JSON is loaded
2024-09-03 19:14:50,033 [INFO] dict_keys(['AppID1', 'AppID2', 'AppID3', 'AppID4', 'AppID5'])
2024-09-03 19:16:40,302 [INFO] Find the best matching app for apps/original-apps.json
2024-09-03 19:16:40,302 [INFO] Reading the new app JSON...
2024-09-03 19:16:40,302 [INFO] The new app JSON is loaded
2024-09-03 19:16:40,302 [INFO] Loading exiting application JSONs...
2024-09-03 19:16:40,303 [INFO] Exiting application JSONs are loaded!
2024-09-03 19:16:40,303 [INFO] dict_keys(['AppID1', 'AppID2', 'AppID3', 'AppID4', 'AppID5'])
2024-09-03 19:17:33,610 [INFO] Find the best matching app for apps/original-apps.json
2024-09-03 19:17:33,610 [INFO] Reading the new app JSON...
2024-09-03 19:17:33,611 [INFO] The new app JSON is loaded
2024-09-03 19:17:33,611 [INFO] Loading exiting application JSONs...
2024-09-03 19:17:46,304 [INFO] Find the best matching app for apps/original-apps.json
2024-09-03 19:17:46,304 [INFO] Reading the new app JSON...
2024-09-03 19:17:46,304 [INFO] The new app JSON is loaded
2024-09-03 19:17:46,304 [INFO] Loading exiting application JSONs...
2024-09-03 19:17:46,305 [INFO] Exiting application JSONs are loaded! Number of applications is 5
2024-09-03 19:18:26,746 [INFO] Find the best matching app for apps/original-apps.json
2024-09-03 19:18:26,746 [INFO] Reading the new app JSON...
2024-09-03 19:18:26,747 [INFO] The new app JSON is loaded
2024-09-03 19:18:26,747 [INFO] Loading exiting application JSONs...
2024-09-03 19:18:26,747 [INFO] Exiting application JSONs are loaded! Number of applications is 5
2024-09-03 19:19:18,378 [INFO] Find the best matching app for apps/original-apps.json
2024-09-03 19:19:18,378 [INFO] Reading the new app JSON...
2024-09-03 19:19:18,379 [INFO] The new app JSON is loaded
2024-09-03 19:19:18,379 [INFO] Loading existing application JSONs...
2024-09-03 19:19:18,379 [INFO] Exiting application JSONs are loaded! Number of applications is 5
2024-09-03 19:22:15,313 [INFO] Find the best matching app for apps/original-apps.json
2024-09-03 19:22:15,313 [INFO] Reading the new app JSON...
2024-09-03 19:22:15,313 [INFO] The new app JSON is loaded
2024-09-03 19:22:15,313 [INFO] Loading existing application JSONs...
2024-09-03 19:22:15,314 [INFO] Exiting application JSONs are loaded! Number of applications is 5
