2024-09-04 04:32:46,988 [INFO] Find the best matching app for apps/original-apps.json
2024-09-04 04:32:46,988 [INFO] Reading the new app JSON...
2024-09-04 04:32:46,989 [INFO] The new app JSON is loaded
2024-09-04 04:32:46,989 [INFO] Loading existing application JSONs...
2024-09-04 04:32:46,989 [INFO] Exiting application JSONs are loaded! Number of applications is 2
2024-09-04 04:33:10,790 [INFO] Find the best matching app for apps/original-apps.json
2024-09-04 04:33:10,790 [INFO] Reading the new app JSON...
2024-09-04 04:33:10,791 [INFO] The new app JSON is loaded
2024-09-04 04:33:10,791 [INFO] Loading existing application JSONs...
2024-09-04 04:33:10,791 [INFO] Exiting application JSONs are loaded! Number of applications is 2
2024-09-04 04:34:47,807 [INFO] Find the best matching app for apps/original-apps.json
2024-09-04 04:34:47,807 [INFO] Reading the new app JSON...
2024-09-04 04:34:47,807 [INFO] The new app JSON is loaded
2024-09-04 04:34:47,808 [INFO] Loading existing application JSONs...
2024-09-04 04:34:47,808 [INFO] Exiting application JSONs are loaded! Number of applications is 2
2024-09-04 04:36:19,829 [INFO] Find the best matching app for apps/original-apps.json
2024-09-04 04:36:19,829 [INFO] Reading the new app JSON...
2024-09-04 04:36:19,829 [INFO] The new app JSON is loaded
2024-09-04 04:36:19,829 [INFO] Loading existing application JSONs...
2024-09-04 04:36:19,829 [INFO] Exiting application JSONs are loaded! Number of applications is 2
2024-09-04 04:36:53,612 [INFO] Find the best matching app for apps/original-apps.json
2024-09-04 04:36:53,612 [INFO] Reading the new app JSON...
2024-09-04 04:36:53,613 [INFO] The new app JSON is loaded
2024-09-04 04:36:53,613 [INFO] Loading existing application JSONs...
2024-09-04 04:36:53,613 [INFO] Exiting application JSONs are loaded! Number of applications is 2
2024-09-04 04:39:30,336 [INFO] Find the best matching app for apps/original-apps.json
2024-09-04 04:39:30,336 [INFO] Reading the new app JSON...
2024-09-04 04:39:30,336 [INFO] The new app JSON is loaded
2024-09-04 04:39:30,336 [INFO] Loading existing application JSONs...
2024-09-04 04:39:30,337 [INFO] Exiting application JSONs are loaded! Number of applications is 2
2024-09-04 04:47:21,930 [INFO] Find the best matching app for apps/original-apps.json
2024-09-04 04:47:21,930 [INFO] Reading the new app JSON...
2024-09-04 04:47:21,930 [INFO] The new app JSON is loaded
2024-09-04 04:47:21,930 [INFO] Loading existing application JSONs...
2024-09-04 04:47:21,931 [INFO] Exiting application JSONs are loaded! Number of applications is 2
2024-09-04 04:48:30,987 [INFO] Find the best matching app for apps/original-apps.json
2024-09-04 04:48:30,988 [INFO] Reading the new app JSON...
2024-09-04 04:48:30,988 [INFO] The new app JSON is loaded
2024-09-04 04:48:30,988 [INFO] Loading existing application JSONs...
2024-09-04 04:48:30,988 [INFO] Exiting application JSONs are loaded! Number of applications is 2
2024-09-04 04:48:45,875 [INFO] Find the best matching app for apps/original-apps.json
2024-09-04 04:48:45,875 [INFO] Reading the new app JSON...
2024-09-04 04:48:45,875 [INFO] The new app JSON is loaded
2024-09-04 04:48:45,875 [INFO] Loading existing application JSONs...
2024-09-04 04:48:45,876 [INFO] Exiting application JSONs are loaded! Number of applications is 2
2024-09-04 04:50:09,422 [INFO] Find the best matching app for apps/original-apps.json
2024-09-04 04:50:09,422 [INFO] Reading the new app JSON...
2024-09-04 04:50:09,423 [INFO] The new app JSON is loaded
2024-09-04 04:50:09,423 [INFO] Loading existing application JSONs...
2024-09-04 04:50:09,423 [INFO] Exiting application JSONs are loaded! Number of applications is 2
2024-09-04 04:50:33,270 [INFO] Find the best matching app for apps/original-apps.json
2024-09-04 04:50:33,271 [INFO] Reading the new app JSON...
2024-09-04 04:50:33,271 [INFO] The new app JSON is loaded
2024-09-04 04:50:33,271 [INFO] Loading existing application JSONs...
2024-09-04 04:50:33,271 [INFO] Exiting application JSONs are loaded! Number of applications is 2
2024-09-04 04:51:49,597 [INFO] Find the best matching app for apps/original-apps.json
2024-09-04 04:51:49,597 [INFO] Reading the new app JSON...
2024-09-04 04:51:49,598 [INFO] The new app JSON is loaded
2024-09-04 04:51:49,598 [INFO] Loading existing application JSONs...
2024-09-04 04:51:49,598 [INFO] Exiting application JSONs are loaded! Number of applications is 2
2024-09-04 04:56:39,281 [INFO] Find the best matching app for apps/original-apps.json
2024-09-04 04:56:39,281 [INFO] Reading the new app JSON...
2024-09-04 04:58:39,268 [INFO] Find the best matching app for apps/original-apps.json
2024-09-04 04:58:39,268 [INFO] Reading the new app JSON...
2024-09-04 04:59:11,540 [INFO] Find the best matching app for apps/original-apps.json
2024-09-04 04:59:11,540 [INFO] Reading the new app JSON...
2024-09-04 04:59:11,541 [INFO] The new app JSON is loaded
2024-09-04 04:59:11,541 [INFO] Loading existing application JSONs...
2024-09-04 04:59:11,541 [INFO] Exiting application JSONs are loaded! Number of applications is 2
2024-09-04 05:00:40,635 [INFO] Find the best matching app for apps/original-apps.json
2024-09-04 05:00:40,635 [INFO] Reading the new app JSON...
2024-09-04 05:00:40,636 [INFO] The new app JSON is loaded
2024-09-04 05:00:40,636 [INFO] Loading existing application JSONs...
2024-09-04 05:00:40,636 [INFO] Exiting application JSONs are loaded! Number of applications is 2
2024-09-04 05:00:54,156 [INFO] Find the best matching app for apps/original-apps.json
2024-09-04 05:00:54,156 [INFO] Reading the new app JSON...
2024-09-04 05:00:54,157 [INFO] The new app JSON is loaded
2024-09-04 05:00:54,157 [INFO] Loading existing application JSONs...
2024-09-04 05:00:54,157 [INFO] Exiting application JSONs are loaded! Number of applications is 2
2024-09-04 05:01:20,849 [INFO] Find the best matching app for apps/original-apps.json
2024-09-04 05:01:20,849 [INFO] Reading the new app JSON...
2024-09-04 05:01:20,850 [INFO] The new app JSON is loaded
2024-09-04 05:01:20,850 [INFO] Loading existing application JSONs...
2024-09-04 05:01:20,850 [INFO] Exiting application JSONs are loaded! Number of applications is 2
2024-09-04 05:01:51,263 [INFO] Find the best matching app for apps/original-apps.json
2024-09-04 05:01:51,263 [INFO] Reading the new app JSON...
2024-09-04 05:01:51,263 [INFO] The new app JSON is loaded
2024-09-04 05:01:51,263 [INFO] Loading existing application JSONs...
2024-09-04 05:01:51,263 [INFO] Exiting application JSONs are loaded! Number of applications is 2
2024-09-04 05:02:13,740 [INFO] Find the best matching app for apps/original-apps.json
2024-09-04 05:02:13,741 [INFO] Reading the new app JSON...
2024-09-04 05:02:13,741 [INFO] The new app JSON is loaded
2024-09-04 05:02:13,741 [INFO] Loading existing application JSONs...
2024-09-04 05:02:13,741 [INFO] Exiting application JSONs are loaded! Number of applications is 2
2024-09-04 05:04:53,148 [INFO] Find the best matching app for apps/original-apps.json
2024-09-04 05:04:53,148 [INFO] Reading the new app JSON...
2024-09-04 05:04:53,149 [INFO] The new app JSON is loaded
2024-09-04 05:04:53,149 [INFO] Loading existing application JSONs...
2024-09-04 05:04:53,149 [INFO] Exiting application JSONs are loaded! Number of applications is 2
2024-09-04 05:05:26,879 [INFO] Find the best matching app for apps/original-apps.json
2024-09-04 05:05:26,879 [INFO] Reading the new app JSON...
2024-09-04 05:05:26,879 [INFO] The new app JSON is loaded
2024-09-04 05:05:26,879 [INFO] Loading existing application JSONs...
2024-09-04 05:05:26,880 [INFO] Exiting application JSONs are loaded! Number of applications is 2
2024-09-04 05:06:31,496 [INFO] Find the best matching app for apps/original-apps.json
2024-09-04 05:06:31,496 [INFO] Reading the new app JSON...
2024-09-04 05:06:31,497 [INFO] The new app JSON is loaded
2024-09-04 05:06:31,497 [INFO] Loading existing application JSONs...
2024-09-04 05:06:31,497 [INFO] Exiting application JSONs are loaded! Number of applications is 2
2024-09-04 05:06:49,635 [INFO] Find the best matching app for apps/original-apps.json
2024-09-04 05:06:49,636 [INFO] Reading the new app JSON...
2024-09-04 05:06:49,636 [INFO] The new app JSON is loaded
2024-09-04 05:06:49,636 [INFO] Loading existing application JSONs...
2024-09-04 05:06:49,636 [INFO] Exiting application JSONs are loaded! Number of applications is 2
2024-09-04 05:07:34,217 [INFO] Find the best matching app for apps/original-apps.json
2024-09-04 05:07:34,217 [INFO] Reading the new app JSON...
2024-09-04 05:07:34,218 [INFO] The new app JSON is loaded
2024-09-04 05:07:34,218 [INFO] Loading existing application JSONs...
2024-09-04 05:07:34,218 [INFO] Exiting application JSONs are loaded! Number of applications is 2
2024-09-04 05:08:05,648 [INFO] Find the best matching app for apps/original-apps.json
2024-09-04 05:08:05,648 [INFO] Reading the new app JSON...
2024-09-04 05:08:05,649 [INFO] The new app JSON is loaded
2024-09-04 05:08:05,649 [INFO] Loading existing application JSONs...
2024-09-04 05:08:05,649 [INFO] Exiting application JSONs are loaded! Number of applications is 2
2024-09-04 05:10:14,803 [INFO] Find the best matching app for apps/original-apps.json
2024-09-04 05:10:14,803 [INFO] Reading the new app JSON...
2024-09-04 05:10:14,804 [INFO] The new app JSON is loaded
2024-09-04 05:10:14,804 [INFO] Loading existing application JSONs...
2024-09-04 05:10:14,804 [INFO] Exiting application JSONs are loaded! Number of applications is 2
2024-09-04 05:10:47,758 [INFO] Find the best matching app for apps/original-apps.json
2024-09-04 05:10:47,758 [INFO] Reading the new app JSON...
2024-09-04 05:10:47,759 [INFO] The new app JSON is loaded
2024-09-04 05:10:47,759 [INFO] Loading existing application JSONs...
2024-09-04 05:10:47,759 [INFO] Exiting application JSONs are loaded! Number of applications is 2
2024-09-04 05:11:19,203 [INFO] Find the best matching app for apps/original-apps.json
2024-09-04 05:11:19,203 [INFO] Reading the new app JSON...
2024-09-04 05:11:19,204 [INFO] The new app JSON is loaded
2024-09-04 05:11:19,204 [INFO] Loading existing application JSONs...
2024-09-04 05:11:19,204 [INFO] Exiting application JSONs are loaded! Number of applications is 2
2024-09-04 05:19:14,974 [INFO] Find the best matching app for apps/original-apps.json
2024-09-04 05:19:14,974 [INFO] Reading the new app JSON...
2024-09-04 05:19:14,975 [INFO] The new app JSON is loaded
2024-09-04 05:19:14,975 [INFO] Loading existing application JSONs...
2024-09-04 05:19:14,975 [INFO] Exiting application JSONs are loaded! Number of applications is 2
2024-09-04 06:11:40,392 [INFO] Find the best matching app for apps/original-apps.json
2024-09-04 06:11:40,392 [INFO] Reading the new app JSON...
2024-09-04 06:11:40,393 [INFO] The new app JSON is loaded
2024-09-04 06:11:40,393 [INFO] Loading existing application JSONs...
2024-09-04 06:11:40,393 [INFO] Exiting application JSONs are loaded! Number of applications is 2
2024-09-04 06:16:59,538 [INFO] Find the best matching app for apps/original-apps.json
2024-09-04 06:16:59,538 [INFO] Reading the new app JSON...
2024-09-04 06:16:59,538 [INFO] The new app JSON is loaded
2024-09-04 06:16:59,538 [INFO] Loading existing application JSONs...
2024-09-04 06:16:59,539 [INFO] Exiting application JSONs are loaded! Number of applications is 2
2024-09-04 06:17:20,930 [INFO] Find the best matching app for apps/original-apps.json
2024-09-04 06:17:20,931 [INFO] Reading the new app JSON...
2024-09-04 06:17:20,931 [INFO] The new app JSON is loaded
2024-09-04 06:17:20,931 [INFO] Loading existing application JSONs...
2024-09-04 06:17:20,931 [INFO] Exiting application JSONs are loaded! Number of applications is 2
2024-09-04 06:17:46,023 [INFO] Find the best matching app for apps/original-apps.json
2024-09-04 06:17:46,023 [INFO] Reading the new app JSON...
2024-09-04 06:17:46,023 [INFO] The new app JSON is loaded
2024-09-04 06:17:46,023 [INFO] Loading existing application JSONs...
2024-09-04 06:17:46,024 [INFO] Exiting application JSONs are loaded! Number of applications is 2
2024-09-04 06:43:51,169 [INFO] Find the best matching app for apps/original-apps.json
2024-09-04 06:43:51,169 [INFO] Reading the new app JSON...
2024-09-04 06:43:51,170 [INFO] The new app JSON is loaded
2024-09-04 06:43:51,170 [INFO] Loading existing application JSONs...
2024-09-04 06:43:51,170 [INFO] Exiting application JSONs are loaded! Number of applications is 2
2024-09-04 06:44:45,572 [INFO] Find the best matching app for apps/original-apps.json
2024-09-04 06:44:45,573 [INFO] Reading the new app JSON...
2024-09-04 06:44:45,573 [INFO] The new app JSON is loaded
2024-09-04 06:44:45,573 [INFO] Loading existing application JSONs...
2024-09-04 06:44:45,574 [INFO] Exiting application JSONs are loaded! Number of applications is 2
2024-09-04 06:46:19,816 [INFO] Find the best matching app for apps/original-apps.json
2024-09-04 06:46:19,817 [INFO] Reading the new app JSON...
2024-09-04 06:46:19,817 [INFO] The new app JSON is loaded
2024-09-04 06:46:19,817 [INFO] Loading existing application JSONs...
2024-09-04 06:46:19,817 [INFO] Exiting application JSONs are loaded! Number of applications is 2
2024-09-04 06:46:29,344 [INFO] Find the best matching app for apps/original-apps.json
2024-09-04 06:46:29,344 [INFO] Reading the new app JSON...
2024-09-04 06:46:29,344 [INFO] The new app JSON is loaded
2024-09-04 06:46:29,345 [INFO] Loading existing application JSONs...
2024-09-04 06:46:29,345 [INFO] Exiting application JSONs are loaded! Number of applications is 2
2024-09-04 10:26:35,982 [INFO] Find the best matching app for apps/original-apps.json
2024-09-04 10:26:35,983 [INFO] Reading the new app JSON...
2024-09-04 10:26:35,983 [INFO] The new app JSON is loaded
2024-09-04 10:26:35,983 [INFO] Loading existing application JSONs...
2024-09-04 10:26:35,984 [INFO] Exiting application JSONs are loaded! Number of applications is 2
2024-09-04 10:32:15,843 [INFO] Find the best matching app for apps/original-apps.json
2024-09-04 10:32:15,844 [INFO] Reading the new app JSON...
2024-09-04 10:32:15,844 [INFO] The new app JSON is loaded
2024-09-04 10:32:15,844 [INFO] Loading existing application JSONs...
2024-09-04 10:32:15,844 [INFO] Exiting application JSONs are loaded! Number of applications is 2
2024-09-04 10:32:33,158 [INFO] Find the best matching app for apps/original-apps.json
2024-09-04 10:32:33,158 [INFO] Reading the new app JSON...
2024-09-04 10:32:33,159 [INFO] The new app JSON is loaded
2024-09-04 10:32:33,159 [INFO] Loading existing application JSONs...
2024-09-04 10:32:33,159 [INFO] Exiting application JSONs are loaded! Number of applications is 2
2024-09-04 10:44:20,137 [INFO] Find the best matching app for apps/original-apps.json
2024-09-04 10:44:20,137 [INFO] Reading the new app JSON...
2024-09-04 10:44:20,138 [INFO] The new app JSON is loaded
2024-09-04 10:44:20,138 [INFO] Loading existing application JSONs...
2024-09-04 10:44:20,138 [INFO] Exiting application JSONs are loaded! Number of applications is 2
2024-09-04 10:53:52,662 [INFO] Find the best matching app for apps/original-apps.json
2024-09-04 10:53:52,662 [INFO] Reading the new app JSON...
2024-09-04 10:53:52,662 [INFO] The new app JSON is loaded
2024-09-04 10:53:52,662 [INFO] Loading existing application JSONs...
2024-09-04 10:53:52,663 [INFO] Exiting application JSONs are loaded! Number of applications is 2
2024-09-04 10:53:52,709 [INFO] Use pytorch device_name: mps
2024-09-04 10:53:52,710 [INFO] Load pretrained SentenceTransformer: all-mpnet-base-v2
2024-09-04 10:53:52,732 [DEBUG] Starting new HTTPS connection (1): huggingface.co:443
2024-09-04 10:53:53,176 [DEBUG] https://huggingface.co:443 "HEAD /sentence-transformers/all-mpnet-base-v2/resolve/main/modules.json HTTP/11" 200 0
2024-09-04 10:53:53,178 [DEBUG] Attempting to acquire lock 5254056448 on /Users/macbookpro/.cache/huggingface/hub/.locks/models--sentence-transformers--all-mpnet-base-v2/952a9b81c0bfd99800fabf352f69c7ccd46c5e43.lock
2024-09-04 10:53:53,179 [DEBUG] Lock 5254056448 acquired on /Users/macbookpro/.cache/huggingface/hub/.locks/models--sentence-transformers--all-mpnet-base-v2/952a9b81c0bfd99800fabf352f69c7ccd46c5e43.lock
2024-09-04 10:53:53,318 [DEBUG] https://huggingface.co:443 "GET /sentence-transformers/all-mpnet-base-v2/resolve/main/modules.json HTTP/11" 200 349
2024-09-04 10:53:53,349 [DEBUG] Attempting to release lock 5254056448 on /Users/macbookpro/.cache/huggingface/hub/.locks/models--sentence-transformers--all-mpnet-base-v2/952a9b81c0bfd99800fabf352f69c7ccd46c5e43.lock
2024-09-04 10:53:53,349 [DEBUG] Lock 5254056448 released on /Users/macbookpro/.cache/huggingface/hub/.locks/models--sentence-transformers--all-mpnet-base-v2/952a9b81c0bfd99800fabf352f69c7ccd46c5e43.lock
2024-09-04 10:53:53,727 [DEBUG] https://huggingface.co:443 "HEAD /sentence-transformers/all-mpnet-base-v2/resolve/main/config_sentence_transformers.json HTTP/11" 200 0
2024-09-04 10:53:53,728 [DEBUG] Attempting to acquire lock 4506389232 on /Users/macbookpro/.cache/huggingface/hub/.locks/models--sentence-transformers--all-mpnet-base-v2/fd1b291129c607e5d49799f87cb219b27f98acdf.lock
2024-09-04 10:53:53,728 [DEBUG] Lock 4506389232 acquired on /Users/macbookpro/.cache/huggingface/hub/.locks/models--sentence-transformers--all-mpnet-base-v2/fd1b291129c607e5d49799f87cb219b27f98acdf.lock
2024-09-04 10:53:53,866 [DEBUG] https://huggingface.co:443 "GET /sentence-transformers/all-mpnet-base-v2/resolve/main/config_sentence_transformers.json HTTP/11" 200 116
2024-09-04 10:53:53,869 [DEBUG] Attempting to release lock 4506389232 on /Users/macbookpro/.cache/huggingface/hub/.locks/models--sentence-transformers--all-mpnet-base-v2/fd1b291129c607e5d49799f87cb219b27f98acdf.lock
2024-09-04 10:53:53,869 [DEBUG] Lock 4506389232 released on /Users/macbookpro/.cache/huggingface/hub/.locks/models--sentence-transformers--all-mpnet-base-v2/fd1b291129c607e5d49799f87cb219b27f98acdf.lock
2024-09-04 10:53:54,014 [DEBUG] https://huggingface.co:443 "HEAD /sentence-transformers/all-mpnet-base-v2/resolve/main/README.md HTTP/11" 200 0
2024-09-04 10:53:54,015 [DEBUG] Attempting to acquire lock 5296173936 on /Users/macbookpro/.cache/huggingface/hub/.locks/models--sentence-transformers--all-mpnet-base-v2/0a624adbb92ec093d62f228b9e9d9e9ced190a79.lock
2024-09-04 10:53:54,016 [DEBUG] Lock 5296173936 acquired on /Users/macbookpro/.cache/huggingface/hub/.locks/models--sentence-transformers--all-mpnet-base-v2/0a624adbb92ec093d62f228b9e9d9e9ced190a79.lock
2024-09-04 10:53:54,156 [DEBUG] https://huggingface.co:443 "GET /sentence-transformers/all-mpnet-base-v2/resolve/main/README.md HTTP/11" 200 10621
2024-09-04 10:53:54,159 [DEBUG] Attempting to release lock 5296173936 on /Users/macbookpro/.cache/huggingface/hub/.locks/models--sentence-transformers--all-mpnet-base-v2/0a624adbb92ec093d62f228b9e9d9e9ced190a79.lock
2024-09-04 10:53:54,159 [DEBUG] Lock 5296173936 released on /Users/macbookpro/.cache/huggingface/hub/.locks/models--sentence-transformers--all-mpnet-base-v2/0a624adbb92ec093d62f228b9e9d9e9ced190a79.lock
2024-09-04 10:53:54,339 [DEBUG] https://huggingface.co:443 "HEAD /sentence-transformers/all-mpnet-base-v2/resolve/main/modules.json HTTP/11" 200 0
2024-09-04 10:53:54,478 [DEBUG] https://huggingface.co:443 "HEAD /sentence-transformers/all-mpnet-base-v2/resolve/main/sentence_bert_config.json HTTP/11" 200 0
2024-09-04 10:53:54,480 [DEBUG] Attempting to acquire lock 5296176096 on /Users/macbookpro/.cache/huggingface/hub/.locks/models--sentence-transformers--all-mpnet-base-v2/4eb670bb4e7f34e9031acec2b86d39e5c921198e.lock
2024-09-04 10:53:54,480 [DEBUG] Lock 5296176096 acquired on /Users/macbookpro/.cache/huggingface/hub/.locks/models--sentence-transformers--all-mpnet-base-v2/4eb670bb4e7f34e9031acec2b86d39e5c921198e.lock
2024-09-04 10:53:54,618 [DEBUG] https://huggingface.co:443 "GET /sentence-transformers/all-mpnet-base-v2/resolve/main/sentence_bert_config.json HTTP/11" 200 53
2024-09-04 10:53:54,621 [DEBUG] Attempting to release lock 5296176096 on /Users/macbookpro/.cache/huggingface/hub/.locks/models--sentence-transformers--all-mpnet-base-v2/4eb670bb4e7f34e9031acec2b86d39e5c921198e.lock
2024-09-04 10:53:54,621 [DEBUG] Lock 5296176096 released on /Users/macbookpro/.cache/huggingface/hub/.locks/models--sentence-transformers--all-mpnet-base-v2/4eb670bb4e7f34e9031acec2b86d39e5c921198e.lock
2024-09-04 10:53:54,762 [DEBUG] https://huggingface.co:443 "HEAD /sentence-transformers/all-mpnet-base-v2/resolve/main/config.json HTTP/11" 200 0
2024-09-04 10:53:54,764 [DEBUG] Attempting to acquire lock 5296176864 on /Users/macbookpro/.cache/huggingface/hub/.locks/models--sentence-transformers--all-mpnet-base-v2/b9fd4298819da011007a6a4ceb728c860914fc88.lock
2024-09-04 10:53:54,764 [DEBUG] Lock 5296176864 acquired on /Users/macbookpro/.cache/huggingface/hub/.locks/models--sentence-transformers--all-mpnet-base-v2/b9fd4298819da011007a6a4ceb728c860914fc88.lock
2024-09-04 10:53:54,904 [DEBUG] https://huggingface.co:443 "GET /sentence-transformers/all-mpnet-base-v2/resolve/main/config.json HTTP/11" 200 571
2024-09-04 10:53:54,908 [DEBUG] Attempting to release lock 5296176864 on /Users/macbookpro/.cache/huggingface/hub/.locks/models--sentence-transformers--all-mpnet-base-v2/b9fd4298819da011007a6a4ceb728c860914fc88.lock
2024-09-04 10:53:54,908 [DEBUG] Lock 5296176864 released on /Users/macbookpro/.cache/huggingface/hub/.locks/models--sentence-transformers--all-mpnet-base-v2/b9fd4298819da011007a6a4ceb728c860914fc88.lock
2024-09-04 10:53:55,151 [DEBUG] https://huggingface.co:443 "HEAD /sentence-transformers/all-mpnet-base-v2/resolve/main/model.safetensors HTTP/11" 302 0
2024-09-04 10:53:55,167 [DEBUG] Attempting to acquire lock 5297957568 on /Users/macbookpro/.cache/huggingface/hub/.locks/models--sentence-transformers--all-mpnet-base-v2/78c0197b6159d92658e319bc1d72e4c73a9a03dd03815e70e555c5ef05615658.lock
2024-09-04 10:53:55,167 [DEBUG] Lock 5297957568 acquired on /Users/macbookpro/.cache/huggingface/hub/.locks/models--sentence-transformers--all-mpnet-base-v2/78c0197b6159d92658e319bc1d72e4c73a9a03dd03815e70e555c5ef05615658.lock
2024-09-04 10:53:55,171 [DEBUG] Starting new HTTPS connection (1): cdn-lfs.huggingface.co:443
2024-09-04 10:53:55,239 [DEBUG] https://cdn-lfs.huggingface.co:443 "GET /sentence-transformers/all-mpnet-base-v2/78c0197b6159d92658e319bc1d72e4c73a9a03dd03815e70e555c5ef05615658?response-content-disposition=inline%3B+filename*%3DUTF-8%27%27model.safetensors%3B+filename%3D%22model.safetensors%22%3B&Expires=1725694991&Policy=eyJTdGF0ZW1lbnQiOlt7IkNvbmRpdGlvbiI6eyJEYXRlTGVzc1RoYW4iOnsiQVdTOkVwb2NoVGltZSI6MTcyNTY5NDk5MX19LCJSZXNvdXJjZSI6Imh0dHBzOi8vY2RuLWxmcy5odWdnaW5nZmFjZS5jby9zZW50ZW5jZS10cmFuc2Zvcm1lcnMvYWxsLW1wbmV0LWJhc2UtdjIvNzhjMDE5N2I2MTU5ZDkyNjU4ZTMxOWJjMWQ3MmU0YzczYTlhMDNkZDAzODE1ZTcwZTU1NWM1ZWYwNTYxNTY1OD9yZXNwb25zZS1jb250ZW50LWRpc3Bvc2l0aW9uPSoifV19&Signature=iOWVLbNv4407S31r8XWanvR0j7Fsw2AgIxQCotLa4dwGWtsk~eu2ddLU4vre5ZUfPiWIOtm3YBDYCeu-1eyb7BMdPyaG0QYSf~YpUneHfnWk9kTawKrNoWtKatCN8yrtbU1KfZ3M92s3-FaclCoemm4w0xrGORl3zJ63z~hFHVQpSDs1KqDKPyYId~8aENnQrTjhkRbOAVrCiGyowDZkepaFh7VJxcx7hQEALQv2mABYL0sIBDCe5n3bnw5KgdMzaw5gq1lG1WAU6lygAkjSFTQbqqLdAGuiEoXE~MQ6pgEtQg249thc8ybR11eljC2j8IcK3D7tOwgbK5UwRePQRQ__&Key-Pair-Id=K3ESJI6DHPFC7 HTTP/11" 200 437971872
2024-09-04 10:54:35,204 [DEBUG] Attempting to release lock 5297957568 on /Users/macbookpro/.cache/huggingface/hub/.locks/models--sentence-transformers--all-mpnet-base-v2/78c0197b6159d92658e319bc1d72e4c73a9a03dd03815e70e555c5ef05615658.lock
2024-09-04 10:54:35,204 [DEBUG] Lock 5297957568 released on /Users/macbookpro/.cache/huggingface/hub/.locks/models--sentence-transformers--all-mpnet-base-v2/78c0197b6159d92658e319bc1d72e4c73a9a03dd03815e70e555c5ef05615658.lock
2024-09-04 10:54:35,452 [DEBUG] https://huggingface.co:443 "HEAD /sentence-transformers/all-mpnet-base-v2/resolve/main/tokenizer_config.json HTTP/11" 200 0
2024-09-04 10:54:35,454 [DEBUG] Attempting to acquire lock 5298650896 on /Users/macbookpro/.cache/huggingface/hub/.locks/models--sentence-transformers--all-mpnet-base-v2/20ae1276042f43d1c80f4f7b7f084a8704592c1d.lock
2024-09-04 10:54:35,454 [DEBUG] Lock 5298650896 acquired on /Users/macbookpro/.cache/huggingface/hub/.locks/models--sentence-transformers--all-mpnet-base-v2/20ae1276042f43d1c80f4f7b7f084a8704592c1d.lock
2024-09-04 10:54:35,592 [DEBUG] https://huggingface.co:443 "GET /sentence-transformers/all-mpnet-base-v2/resolve/main/tokenizer_config.json HTTP/11" 200 363
2024-09-04 10:54:35,596 [DEBUG] Attempting to release lock 5298650896 on /Users/macbookpro/.cache/huggingface/hub/.locks/models--sentence-transformers--all-mpnet-base-v2/20ae1276042f43d1c80f4f7b7f084a8704592c1d.lock
2024-09-04 10:54:35,596 [DEBUG] Lock 5298650896 released on /Users/macbookpro/.cache/huggingface/hub/.locks/models--sentence-transformers--all-mpnet-base-v2/20ae1276042f43d1c80f4f7b7f084a8704592c1d.lock
2024-09-04 10:54:35,737 [DEBUG] https://huggingface.co:443 "HEAD /sentence-transformers/all-mpnet-base-v2/resolve/main/vocab.txt HTTP/11" 200 0
2024-09-04 10:54:35,738 [DEBUG] Attempting to acquire lock 5299140112 on /Users/macbookpro/.cache/huggingface/hub/.locks/models--sentence-transformers--all-mpnet-base-v2/1c51ab79a2298a340952d3e6012042a9c84bbe4d.lock
2024-09-04 10:54:35,739 [DEBUG] Lock 5299140112 acquired on /Users/macbookpro/.cache/huggingface/hub/.locks/models--sentence-transformers--all-mpnet-base-v2/1c51ab79a2298a340952d3e6012042a9c84bbe4d.lock
2024-09-04 10:54:35,882 [DEBUG] https://huggingface.co:443 "GET /sentence-transformers/all-mpnet-base-v2/resolve/main/vocab.txt HTTP/11" 200 231536
2024-09-04 10:54:36,131 [DEBUG] Attempting to release lock 5299140112 on /Users/macbookpro/.cache/huggingface/hub/.locks/models--sentence-transformers--all-mpnet-base-v2/1c51ab79a2298a340952d3e6012042a9c84bbe4d.lock
2024-09-04 10:54:36,131 [DEBUG] Lock 5299140112 released on /Users/macbookpro/.cache/huggingface/hub/.locks/models--sentence-transformers--all-mpnet-base-v2/1c51ab79a2298a340952d3e6012042a9c84bbe4d.lock
2024-09-04 10:54:36,273 [DEBUG] https://huggingface.co:443 "HEAD /sentence-transformers/all-mpnet-base-v2/resolve/main/tokenizer.json HTTP/11" 200 0
2024-09-04 10:54:36,274 [DEBUG] Attempting to acquire lock 5299139536 on /Users/macbookpro/.cache/huggingface/hub/.locks/models--sentence-transformers--all-mpnet-base-v2/7c8e194053bc80e27e19bb2125469e4f289ab2b3.lock
2024-09-04 10:54:36,274 [DEBUG] Lock 5299139536 acquired on /Users/macbookpro/.cache/huggingface/hub/.locks/models--sentence-transformers--all-mpnet-base-v2/7c8e194053bc80e27e19bb2125469e4f289ab2b3.lock
2024-09-04 10:54:36,464 [DEBUG] https://huggingface.co:443 "GET /sentence-transformers/all-mpnet-base-v2/resolve/main/tokenizer.json HTTP/11" 200 466021
2024-09-04 10:54:36,860 [DEBUG] Attempting to release lock 5299139536 on /Users/macbookpro/.cache/huggingface/hub/.locks/models--sentence-transformers--all-mpnet-base-v2/7c8e194053bc80e27e19bb2125469e4f289ab2b3.lock
2024-09-04 10:54:36,860 [DEBUG] Lock 5299139536 released on /Users/macbookpro/.cache/huggingface/hub/.locks/models--sentence-transformers--all-mpnet-base-v2/7c8e194053bc80e27e19bb2125469e4f289ab2b3.lock
2024-09-04 10:54:37,002 [DEBUG] https://huggingface.co:443 "HEAD /sentence-transformers/all-mpnet-base-v2/resolve/main/added_tokens.json HTTP/11" 404 0
2024-09-04 10:54:37,153 [DEBUG] https://huggingface.co:443 "HEAD /sentence-transformers/all-mpnet-base-v2/resolve/main/special_tokens_map.json HTTP/11" 200 0
2024-09-04 10:54:37,154 [DEBUG] Attempting to acquire lock 5299139584 on /Users/macbookpro/.cache/huggingface/hub/.locks/models--sentence-transformers--all-mpnet-base-v2/378d4fa393d5eaccf69c437a20f1cda6ac65c14d.lock
2024-09-04 10:54:37,155 [DEBUG] Lock 5299139584 acquired on /Users/macbookpro/.cache/huggingface/hub/.locks/models--sentence-transformers--all-mpnet-base-v2/378d4fa393d5eaccf69c437a20f1cda6ac65c14d.lock
2024-09-04 10:54:37,321 [DEBUG] https://huggingface.co:443 "GET /sentence-transformers/all-mpnet-base-v2/resolve/main/special_tokens_map.json HTTP/11" 200 239
2024-09-04 10:54:37,325 [DEBUG] Attempting to release lock 5299139584 on /Users/macbookpro/.cache/huggingface/hub/.locks/models--sentence-transformers--all-mpnet-base-v2/378d4fa393d5eaccf69c437a20f1cda6ac65c14d.lock
2024-09-04 10:54:37,325 [DEBUG] Lock 5299139584 released on /Users/macbookpro/.cache/huggingface/hub/.locks/models--sentence-transformers--all-mpnet-base-v2/378d4fa393d5eaccf69c437a20f1cda6ac65c14d.lock
2024-09-04 10:54:37,511 [DEBUG] https://huggingface.co:443 "GET /api/models/sentence-transformers/all-mpnet-base-v2/revision/main HTTP/11" 200 5979
2024-09-04 10:54:37,517 [DEBUG] Starting new HTTPS connection (1): huggingface.co:443
2024-09-04 10:54:37,673 [DEBUG] https://huggingface.co:443 "HEAD /sentence-transformers/all-mpnet-base-v2/resolve/84f2bcc00d77236f9e89c8a360a00fb1139bf47d/1_Pooling/config.json HTTP/11" 200 0
2024-09-04 10:54:37,674 [DEBUG] Attempting to acquire lock 5299140544 on /Users/macbookpro/.cache/huggingface/hub/.locks/models--sentence-transformers--all-mpnet-base-v2/4e09f293dfe90bba49f87cfe7996271f07be2666.lock
2024-09-04 10:54:37,675 [DEBUG] Lock 5299140544 acquired on /Users/macbookpro/.cache/huggingface/hub/.locks/models--sentence-transformers--all-mpnet-base-v2/4e09f293dfe90bba49f87cfe7996271f07be2666.lock
2024-09-04 10:54:37,812 [DEBUG] https://huggingface.co:443 "GET /sentence-transformers/all-mpnet-base-v2/resolve/84f2bcc00d77236f9e89c8a360a00fb1139bf47d/1_Pooling/config.json HTTP/11" 200 190
2024-09-04 10:54:37,815 [DEBUG] Attempting to release lock 5299140544 on /Users/macbookpro/.cache/huggingface/hub/.locks/models--sentence-transformers--all-mpnet-base-v2/4e09f293dfe90bba49f87cfe7996271f07be2666.lock
2024-09-04 10:54:37,815 [DEBUG] Lock 5299140544 released on /Users/macbookpro/.cache/huggingface/hub/.locks/models--sentence-transformers--all-mpnet-base-v2/4e09f293dfe90bba49f87cfe7996271f07be2666.lock
2024-09-04 10:54:37,958 [DEBUG] https://huggingface.co:443 "GET /api/models/sentence-transformers/all-mpnet-base-v2 HTTP/11" 200 5981
2024-09-04 10:55:37,540 [INFO] Find the best matching app for apps/original-apps.json
2024-09-04 10:55:37,540 [INFO] Reading the new app JSON...
2024-09-04 10:55:37,541 [INFO] The new app JSON is loaded
2024-09-04 10:55:37,541 [INFO] Loading existing application JSONs...
2024-09-04 10:55:37,541 [INFO] Exiting application JSONs are loaded! Number of applications is 2
2024-09-04 10:55:37,563 [INFO] Use pytorch device_name: mps
2024-09-04 10:55:37,563 [INFO] Load pretrained SentenceTransformer: all-mpnet-base-v2
2024-09-04 10:55:37,586 [DEBUG] Starting new HTTPS connection (1): huggingface.co:443
2024-09-04 10:55:38,031 [DEBUG] https://huggingface.co:443 "HEAD /sentence-transformers/all-mpnet-base-v2/resolve/main/modules.json HTTP/11" 200 0
2024-09-04 10:55:38,440 [DEBUG] https://huggingface.co:443 "HEAD /sentence-transformers/all-mpnet-base-v2/resolve/main/config_sentence_transformers.json HTTP/11" 200 0
2024-09-04 10:55:38,825 [DEBUG] https://huggingface.co:443 "HEAD /sentence-transformers/all-mpnet-base-v2/resolve/main/README.md HTTP/11" 200 0
2024-09-04 10:55:38,964 [DEBUG] https://huggingface.co:443 "HEAD /sentence-transformers/all-mpnet-base-v2/resolve/main/modules.json HTTP/11" 200 0
2024-09-04 10:55:39,102 [DEBUG] https://huggingface.co:443 "HEAD /sentence-transformers/all-mpnet-base-v2/resolve/main/sentence_bert_config.json HTTP/11" 200 0
2024-09-04 10:55:39,247 [DEBUG] https://huggingface.co:443 "HEAD /sentence-transformers/all-mpnet-base-v2/resolve/main/config.json HTTP/11" 200 0
2024-09-04 10:55:39,559 [DEBUG] https://huggingface.co:443 "HEAD /sentence-transformers/all-mpnet-base-v2/resolve/main/tokenizer_config.json HTTP/11" 200 0
2024-09-04 10:55:40,042 [DEBUG] https://huggingface.co:443 "GET /api/models/sentence-transformers/all-mpnet-base-v2/revision/main HTTP/11" 200 5981
2024-09-04 10:55:40,206 [DEBUG] https://huggingface.co:443 "GET /api/models/sentence-transformers/all-mpnet-base-v2 HTTP/11" 200 5981
2024-09-04 10:56:48,950 [INFO] Find the best matching app for apps/original-apps.json
2024-09-04 10:56:48,950 [INFO] Reading the new app JSON...
2024-09-04 10:56:48,950 [INFO] The new app JSON is loaded
2024-09-04 10:56:48,950 [INFO] Loading existing application JSONs...
2024-09-04 10:56:48,951 [INFO] Exiting application JSONs are loaded! Number of applications is 2
2024-09-04 10:56:48,973 [INFO] Use pytorch device_name: mps
2024-09-04 10:56:48,973 [INFO] Load pretrained SentenceTransformer: all-mpnet-base-v2
2024-09-04 10:56:48,977 [DEBUG] Starting new HTTPS connection (1): huggingface.co:443
2024-09-04 10:56:49,506 [DEBUG] https://huggingface.co:443 "HEAD /sentence-transformers/all-mpnet-base-v2/resolve/main/modules.json HTTP/11" 200 0
2024-09-04 10:56:49,915 [DEBUG] https://huggingface.co:443 "HEAD /sentence-transformers/all-mpnet-base-v2/resolve/main/config_sentence_transformers.json HTTP/11" 200 0
2024-09-04 10:56:50,327 [DEBUG] https://huggingface.co:443 "HEAD /sentence-transformers/all-mpnet-base-v2/resolve/main/README.md HTTP/11" 200 0
2024-09-04 10:56:50,734 [DEBUG] https://huggingface.co:443 "HEAD /sentence-transformers/all-mpnet-base-v2/resolve/main/modules.json HTTP/11" 200 0
2024-09-04 10:56:50,872 [DEBUG] https://huggingface.co:443 "HEAD /sentence-transformers/all-mpnet-base-v2/resolve/main/sentence_bert_config.json HTTP/11" 200 0
2024-09-04 10:56:51,011 [DEBUG] https://huggingface.co:443 "HEAD /sentence-transformers/all-mpnet-base-v2/resolve/main/config.json HTTP/11" 200 0
2024-09-04 10:56:51,340 [DEBUG] https://huggingface.co:443 "HEAD /sentence-transformers/all-mpnet-base-v2/resolve/main/tokenizer_config.json HTTP/11" 200 0
2024-09-04 10:56:51,518 [DEBUG] https://huggingface.co:443 "GET /api/models/sentence-transformers/all-mpnet-base-v2/revision/main HTTP/11" 200 5981
2024-09-04 10:56:51,680 [DEBUG] https://huggingface.co:443 "GET /api/models/sentence-transformers/all-mpnet-base-v2 HTTP/11" 200 5981
2024-09-04 11:00:51,430 [INFO] Find the best matching app for apps/original-apps.json
2024-09-04 11:00:51,431 [INFO] Reading the new app JSON...
2024-09-04 11:00:51,431 [INFO] The new app JSON is loaded
2024-09-04 11:00:51,432 [INFO] Loading existing application JSONs...
2024-09-04 11:00:51,432 [INFO] Exiting application JSONs are loaded! Number of applications is 2
2024-09-04 11:00:51,453 [INFO] Use pytorch device_name: mps
2024-09-04 11:00:51,453 [INFO] Load pretrained SentenceTransformer: all-mpnet-base-v2
2024-09-04 11:00:51,499 [DEBUG] Starting new HTTPS connection (1): huggingface.co:443
2024-09-04 11:00:51,655 [DEBUG] https://huggingface.co:443 "HEAD /sentence-transformers/all-mpnet-base-v2/resolve/main/modules.json HTTP/11" 200 0
2024-09-04 11:00:51,792 [DEBUG] https://huggingface.co:443 "HEAD /sentence-transformers/all-mpnet-base-v2/resolve/main/config_sentence_transformers.json HTTP/11" 200 0
2024-09-04 11:00:51,928 [DEBUG] https://huggingface.co:443 "HEAD /sentence-transformers/all-mpnet-base-v2/resolve/main/README.md HTTP/11" 200 0
2024-09-04 11:00:52,073 [DEBUG] https://huggingface.co:443 "HEAD /sentence-transformers/all-mpnet-base-v2/resolve/main/modules.json HTTP/11" 200 0
2024-09-04 11:00:52,214 [DEBUG] https://huggingface.co:443 "HEAD /sentence-transformers/all-mpnet-base-v2/resolve/main/sentence_bert_config.json HTTP/11" 200 0
2024-09-04 11:00:52,351 [DEBUG] https://huggingface.co:443 "HEAD /sentence-transformers/all-mpnet-base-v2/resolve/main/config.json HTTP/11" 200 0
2024-09-04 11:00:52,663 [DEBUG] https://huggingface.co:443 "HEAD /sentence-transformers/all-mpnet-base-v2/resolve/main/tokenizer_config.json HTTP/11" 200 0
2024-09-04 11:00:52,993 [DEBUG] https://huggingface.co:443 "GET /api/models/sentence-transformers/all-mpnet-base-v2/revision/main HTTP/11" 200 5981
2024-09-04 11:00:53,154 [DEBUG] https://huggingface.co:443 "GET /api/models/sentence-transformers/all-mpnet-base-v2 HTTP/11" 200 5979
2024-09-04 11:02:27,755 [INFO] Find the best matching app for apps/input.json
2024-09-04 11:02:27,755 [INFO] Reading the new app JSON...
2024-09-04 11:02:27,755 [INFO] The new app JSON is loaded
2024-09-04 11:02:27,756 [INFO] Loading existing application JSONs...
2024-09-04 11:02:27,757 [INFO] Exiting application JSONs are loaded! Number of applications is 2
2024-09-04 11:02:27,776 [INFO] Use pytorch device_name: mps
2024-09-04 11:02:27,777 [INFO] Load pretrained SentenceTransformer: all-mpnet-base-v2
2024-09-04 11:02:27,799 [DEBUG] Starting new HTTPS connection (1): huggingface.co:443
2024-09-04 11:02:27,952 [DEBUG] https://huggingface.co:443 "HEAD /sentence-transformers/all-mpnet-base-v2/resolve/main/modules.json HTTP/11" 200 0
2024-09-04 11:02:28,427 [DEBUG] https://huggingface.co:443 "HEAD /sentence-transformers/all-mpnet-base-v2/resolve/main/config_sentence_transformers.json HTTP/11" 200 0
2024-09-04 11:02:28,836 [DEBUG] https://huggingface.co:443 "HEAD /sentence-transformers/all-mpnet-base-v2/resolve/main/README.md HTTP/11" 200 0
2024-09-04 11:02:28,976 [DEBUG] https://huggingface.co:443 "HEAD /sentence-transformers/all-mpnet-base-v2/resolve/main/modules.json HTTP/11" 200 0
2024-09-04 11:02:29,121 [DEBUG] https://huggingface.co:443 "HEAD /sentence-transformers/all-mpnet-base-v2/resolve/main/sentence_bert_config.json HTTP/11" 200 0
2024-09-04 11:02:29,553 [DEBUG] https://huggingface.co:443 "HEAD /sentence-transformers/all-mpnet-base-v2/resolve/main/config.json HTTP/11" 200 0
2024-09-04 11:02:29,864 [DEBUG] https://huggingface.co:443 "HEAD /sentence-transformers/all-mpnet-base-v2/resolve/main/tokenizer_config.json HTTP/11" 200 0
2024-09-04 11:02:30,045 [DEBUG] https://huggingface.co:443 "GET /api/models/sentence-transformers/all-mpnet-base-v2/revision/main HTTP/11" 200 5979
2024-09-04 11:02:30,207 [DEBUG] https://huggingface.co:443 "GET /api/models/sentence-transformers/all-mpnet-base-v2 HTTP/11" 200 5979
2024-09-04 11:06:28,769 [INFO] Find the best matching app for apps/input.json
2024-09-04 11:06:28,770 [INFO] Reading the new app JSON...
2024-09-04 11:06:28,770 [INFO] The new app JSON is loaded
2024-09-04 11:06:28,771 [INFO] Loading existing application JSONs...
2024-09-04 11:06:28,771 [INFO] Exiting application JSONs are loaded! Number of applications is 2
2024-09-04 11:06:28,796 [INFO] Use pytorch device_name: mps
2024-09-04 11:06:28,796 [INFO] Load pretrained SentenceTransformer: all-mpnet-base-v2
2024-09-04 11:06:28,820 [DEBUG] Starting new HTTPS connection (1): huggingface.co:443
2024-09-04 11:06:28,971 [DEBUG] https://huggingface.co:443 "HEAD /sentence-transformers/all-mpnet-base-v2/resolve/main/modules.json HTTP/11" 200 0
2024-09-04 11:06:29,112 [DEBUG] https://huggingface.co:443 "HEAD /sentence-transformers/all-mpnet-base-v2/resolve/main/config_sentence_transformers.json HTTP/11" 200 0
2024-09-04 11:06:29,576 [DEBUG] https://huggingface.co:443 "HEAD /sentence-transformers/all-mpnet-base-v2/resolve/main/README.md HTTP/11" 200 0
2024-09-04 11:06:29,714 [DEBUG] https://huggingface.co:443 "HEAD /sentence-transformers/all-mpnet-base-v2/resolve/main/modules.json HTTP/11" 200 0
2024-09-04 11:06:29,859 [DEBUG] https://huggingface.co:443 "HEAD /sentence-transformers/all-mpnet-base-v2/resolve/main/sentence_bert_config.json HTTP/11" 200 0
2024-09-04 11:06:29,998 [DEBUG] https://huggingface.co:443 "HEAD /sentence-transformers/all-mpnet-base-v2/resolve/main/config.json HTTP/11" 200 0
2024-09-04 11:06:30,313 [DEBUG] https://huggingface.co:443 "HEAD /sentence-transformers/all-mpnet-base-v2/resolve/main/tokenizer_config.json HTTP/11" 200 0
2024-09-04 11:06:30,511 [DEBUG] https://huggingface.co:443 "GET /api/models/sentence-transformers/all-mpnet-base-v2/revision/main HTTP/11" 200 5979
2024-09-04 11:06:30,675 [DEBUG] https://huggingface.co:443 "GET /api/models/sentence-transformers/all-mpnet-base-v2 HTTP/11" 200 5979
2024-09-04 11:06:57,408 [INFO] Find the best matching app for apps/input.json
2024-09-04 11:06:57,408 [INFO] Reading the new app JSON...
2024-09-04 11:06:57,409 [INFO] The new app JSON is loaded
2024-09-04 11:06:57,409 [INFO] Loading existing application JSONs...
2024-09-04 11:06:57,410 [INFO] Exiting application JSONs are loaded! Number of applications is 5
2024-09-04 11:06:57,430 [INFO] Use pytorch device_name: mps
2024-09-04 11:06:57,430 [INFO] Load pretrained SentenceTransformer: all-mpnet-base-v2
2024-09-04 11:06:57,435 [DEBUG] Starting new HTTPS connection (1): huggingface.co:443
2024-09-04 11:06:57,590 [DEBUG] https://huggingface.co:443 "HEAD /sentence-transformers/all-mpnet-base-v2/resolve/main/modules.json HTTP/11" 200 0
2024-09-04 11:06:58,043 [DEBUG] https://huggingface.co:443 "HEAD /sentence-transformers/all-mpnet-base-v2/resolve/main/config_sentence_transformers.json HTTP/11" 200 0
2024-09-04 11:06:58,209 [DEBUG] https://huggingface.co:443 "HEAD /sentence-transformers/all-mpnet-base-v2/resolve/main/README.md HTTP/11" 200 0
2024-09-04 11:06:58,657 [DEBUG] https://huggingface.co:443 "HEAD /sentence-transformers/all-mpnet-base-v2/resolve/main/modules.json HTTP/11" 200 0
2024-09-04 11:06:58,796 [DEBUG] https://huggingface.co:443 "HEAD /sentence-transformers/all-mpnet-base-v2/resolve/main/sentence_bert_config.json HTTP/11" 200 0
2024-09-04 11:06:58,935 [DEBUG] https://huggingface.co:443 "HEAD /sentence-transformers/all-mpnet-base-v2/resolve/main/config.json HTTP/11" 200 0
2024-09-04 11:06:59,578 [DEBUG] https://huggingface.co:443 "HEAD /sentence-transformers/all-mpnet-base-v2/resolve/main/tokenizer_config.json HTTP/11" 200 0
2024-09-04 11:06:59,759 [DEBUG] https://huggingface.co:443 "GET /api/models/sentence-transformers/all-mpnet-base-v2/revision/main HTTP/11" 200 5981
2024-09-04 11:07:00,194 [DEBUG] https://huggingface.co:443 "GET /api/models/sentence-transformers/all-mpnet-base-v2 HTTP/11" 200 5981
2024-09-04 11:10:07,764 [INFO] Find the best matching app for apps/input.json
2024-09-04 11:10:07,765 [INFO] Reading the new app JSON...
2024-09-04 11:10:07,765 [INFO] The new app JSON is loaded
2024-09-04 11:10:07,766 [INFO] Loading existing application JSONs...
2024-09-04 11:10:07,766 [INFO] Exiting application JSONs are loaded! Number of applications is 5
2024-09-04 11:10:07,787 [INFO] Use pytorch device_name: mps
2024-09-04 11:10:07,787 [INFO] Load pretrained SentenceTransformer: all-mpnet-base-v2
2024-09-04 11:10:07,832 [DEBUG] Starting new HTTPS connection (1): huggingface.co:443
2024-09-04 11:10:08,222 [DEBUG] https://huggingface.co:443 "HEAD /sentence-transformers/all-mpnet-base-v2/resolve/main/modules.json HTTP/11" 200 0
2024-09-04 11:10:08,708 [DEBUG] https://huggingface.co:443 "HEAD /sentence-transformers/all-mpnet-base-v2/resolve/main/config_sentence_transformers.json HTTP/11" 200 0
2024-09-04 11:10:09,118 [DEBUG] https://huggingface.co:443 "HEAD /sentence-transformers/all-mpnet-base-v2/resolve/main/README.md HTTP/11" 200 0
2024-09-04 11:10:09,528 [DEBUG] https://huggingface.co:443 "HEAD /sentence-transformers/all-mpnet-base-v2/resolve/main/modules.json HTTP/11" 200 0
2024-09-04 11:10:09,939 [DEBUG] https://huggingface.co:443 "HEAD /sentence-transformers/all-mpnet-base-v2/resolve/main/sentence_bert_config.json HTTP/11" 200 0
2024-09-04 11:10:10,078 [DEBUG] https://huggingface.co:443 "HEAD /sentence-transformers/all-mpnet-base-v2/resolve/main/config.json HTTP/11" 200 0
2024-09-04 11:10:10,425 [DEBUG] https://huggingface.co:443 "HEAD /sentence-transformers/all-mpnet-base-v2/resolve/main/tokenizer_config.json HTTP/11" 200 0
2024-09-04 11:10:10,617 [DEBUG] https://huggingface.co:443 "GET /api/models/sentence-transformers/all-mpnet-base-v2/revision/main HTTP/11" 200 5979
2024-09-04 11:10:10,778 [DEBUG] https://huggingface.co:443 "GET /api/models/sentence-transformers/all-mpnet-base-v2 HTTP/11" 200 5981
2024-09-04 11:31:26,704 [INFO] Find the best matching app for apps/input.json
2024-09-04 11:31:26,704 [INFO] Reading the new app JSON...
2024-09-04 11:31:26,705 [INFO] The new app JSON is loaded
2024-09-04 11:31:26,705 [INFO] Loading existing application JSONs...
2024-09-04 11:31:26,706 [INFO] Exiting application JSONs are loaded! Number of applications is 5
2024-09-04 11:31:26,726 [INFO] Use pytorch device_name: mps
2024-09-04 11:31:26,726 [INFO] Load pretrained SentenceTransformer: all-mpnet-base-v2
2024-09-04 11:31:26,750 [DEBUG] Starting new HTTPS connection (1): huggingface.co:443
2024-09-04 11:31:26,902 [DEBUG] https://huggingface.co:443 "HEAD /sentence-transformers/all-mpnet-base-v2/resolve/main/modules.json HTTP/11" 200 0
2024-09-04 11:31:27,043 [DEBUG] https://huggingface.co:443 "HEAD /sentence-transformers/all-mpnet-base-v2/resolve/main/config_sentence_transformers.json HTTP/11" 200 0
2024-09-04 11:31:27,181 [DEBUG] https://huggingface.co:443 "HEAD /sentence-transformers/all-mpnet-base-v2/resolve/main/README.md HTTP/11" 200 0
2024-09-04 11:31:27,355 [DEBUG] https://huggingface.co:443 "HEAD /sentence-transformers/all-mpnet-base-v2/resolve/main/modules.json HTTP/11" 200 0
2024-09-04 11:31:27,500 [DEBUG] https://huggingface.co:443 "HEAD /sentence-transformers/all-mpnet-base-v2/resolve/main/sentence_bert_config.json HTTP/11" 200 0
2024-09-04 11:31:27,640 [DEBUG] https://huggingface.co:443 "HEAD /sentence-transformers/all-mpnet-base-v2/resolve/main/config.json HTTP/11" 200 0
2024-09-04 11:31:27,953 [DEBUG] https://huggingface.co:443 "HEAD /sentence-transformers/all-mpnet-base-v2/resolve/main/tokenizer_config.json HTTP/11" 200 0
2024-09-04 11:31:28,133 [DEBUG] https://huggingface.co:443 "GET /api/models/sentence-transformers/all-mpnet-base-v2/revision/main HTTP/11" 200 5981
2024-09-04 11:31:28,320 [DEBUG] https://huggingface.co:443 "GET /api/models/sentence-transformers/all-mpnet-base-v2 HTTP/11" 200 5981
2024-09-04 11:35:04,745 [INFO] Find the best matching app for apps/input.json
2024-09-04 11:35:04,746 [INFO] Reading the new app JSON...
2024-09-04 11:35:04,746 [INFO] The new app JSON is loaded
2024-09-04 11:35:04,747 [INFO] Loading existing application JSONs...
2024-09-04 11:35:04,747 [INFO] Exiting application JSONs are loaded! Number of applications is 6
2024-09-04 11:35:04,770 [INFO] Use pytorch device_name: mps
2024-09-04 11:35:04,770 [INFO] Load pretrained SentenceTransformer: all-mpnet-base-v2
2024-09-04 11:35:04,830 [DEBUG] Starting new HTTPS connection (1): huggingface.co:443
2024-09-04 11:35:04,982 [DEBUG] https://huggingface.co:443 "HEAD /sentence-transformers/all-mpnet-base-v2/resolve/main/modules.json HTTP/11" 200 0
2024-09-04 11:35:05,408 [DEBUG] https://huggingface.co:443 "HEAD /sentence-transformers/all-mpnet-base-v2/resolve/main/config_sentence_transformers.json HTTP/11" 200 0
2024-09-04 11:35:05,818 [DEBUG] https://huggingface.co:443 "HEAD /sentence-transformers/all-mpnet-base-v2/resolve/main/README.md HTTP/11" 200 0
2024-09-04 11:35:05,958 [DEBUG] https://huggingface.co:443 "HEAD /sentence-transformers/all-mpnet-base-v2/resolve/main/modules.json HTTP/11" 200 0
2024-09-04 11:35:06,096 [DEBUG] https://huggingface.co:443 "HEAD /sentence-transformers/all-mpnet-base-v2/resolve/main/sentence_bert_config.json HTTP/11" 200 0
2024-09-04 11:35:06,236 [DEBUG] https://huggingface.co:443 "HEAD /sentence-transformers/all-mpnet-base-v2/resolve/main/config.json HTTP/11" 200 0
2024-09-04 11:35:06,842 [DEBUG] https://huggingface.co:443 "HEAD /sentence-transformers/all-mpnet-base-v2/resolve/main/tokenizer_config.json HTTP/11" 200 0
2024-09-04 11:35:07,026 [DEBUG] https://huggingface.co:443 "GET /api/models/sentence-transformers/all-mpnet-base-v2/revision/main HTTP/11" 200 5981
2024-09-04 11:35:07,190 [DEBUG] https://huggingface.co:443 "GET /api/models/sentence-transformers/all-mpnet-base-v2 HTTP/11" 200 5979
2024-09-04 11:46:49,364 [INFO] Find the best matching app for apps/input.json
2024-09-04 11:46:49,365 [INFO] Reading the new app JSON...
2024-09-04 11:46:49,365 [INFO] The new app JSON is loaded
2024-09-04 11:46:49,366 [INFO] Loading existing application JSONs...
2024-09-04 11:46:49,366 [INFO] Exiting application JSONs are loaded! Number of applications is 6
2024-09-04 11:46:49,389 [INFO] Use pytorch device_name: mps
2024-09-04 11:46:49,390 [INFO] Load pretrained SentenceTransformer: all-mpnet-base-v2
2024-09-04 11:46:49,440 [DEBUG] Starting new HTTPS connection (1): huggingface.co:443
2024-09-04 11:46:49,845 [DEBUG] https://huggingface.co:443 "HEAD /sentence-transformers/all-mpnet-base-v2/resolve/main/modules.json HTTP/11" 200 0
2024-09-04 11:46:50,256 [DEBUG] https://huggingface.co:443 "HEAD /sentence-transformers/all-mpnet-base-v2/resolve/main/config_sentence_transformers.json HTTP/11" 200 0
2024-09-04 11:46:50,394 [DEBUG] https://huggingface.co:443 "HEAD /sentence-transformers/all-mpnet-base-v2/resolve/main/README.md HTTP/11" 200 0
2024-09-04 11:46:50,531 [DEBUG] https://huggingface.co:443 "HEAD /sentence-transformers/all-mpnet-base-v2/resolve/main/modules.json HTTP/11" 200 0
2024-09-04 11:46:50,973 [DEBUG] https://huggingface.co:443 "HEAD /sentence-transformers/all-mpnet-base-v2/resolve/main/sentence_bert_config.json HTTP/11" 200 0
2024-09-04 11:46:51,111 [DEBUG] https://huggingface.co:443 "HEAD /sentence-transformers/all-mpnet-base-v2/resolve/main/config.json HTTP/11" 200 0
2024-09-04 11:46:51,424 [DEBUG] https://huggingface.co:443 "HEAD /sentence-transformers/all-mpnet-base-v2/resolve/main/tokenizer_config.json HTTP/11" 200 0
2024-09-04 11:46:51,610 [DEBUG] https://huggingface.co:443 "GET /api/models/sentence-transformers/all-mpnet-base-v2/revision/main HTTP/11" 200 5981
2024-09-04 11:46:51,778 [DEBUG] https://huggingface.co:443 "GET /api/models/sentence-transformers/all-mpnet-base-v2 HTTP/11" 200 5981
2024-09-04 11:47:44,786 [INFO] Find the best matching app for apps/input.json
2024-09-04 11:47:44,787 [INFO] Reading the new app JSON...
2024-09-04 11:47:44,787 [INFO] The new app JSON is loaded
2024-09-04 11:47:44,788 [INFO] Loading existing application JSONs...
2024-09-04 11:47:44,789 [INFO] Exiting application JSONs are loaded! Number of applications is 6
2024-09-04 11:47:44,812 [INFO] Use pytorch device_name: mps
2024-09-04 11:47:44,812 [INFO] Load pretrained SentenceTransformer: all-mpnet-base-v2
2024-09-04 11:47:44,817 [DEBUG] Starting new HTTPS connection (1): huggingface.co:443
2024-09-04 11:47:45,244 [DEBUG] https://huggingface.co:443 "HEAD /sentence-transformers/all-mpnet-base-v2/resolve/main/modules.json HTTP/11" 200 0
2024-09-04 11:47:45,382 [DEBUG] https://huggingface.co:443 "HEAD /sentence-transformers/all-mpnet-base-v2/resolve/main/config_sentence_transformers.json HTTP/11" 200 0
2024-09-04 11:47:45,858 [DEBUG] https://huggingface.co:443 "HEAD /sentence-transformers/all-mpnet-base-v2/resolve/main/README.md HTTP/11" 200 0
2024-09-04 11:47:46,267 [DEBUG] https://huggingface.co:443 "HEAD /sentence-transformers/all-mpnet-base-v2/resolve/main/modules.json HTTP/11" 200 0
2024-09-04 11:47:46,405 [DEBUG] https://huggingface.co:443 "HEAD /sentence-transformers/all-mpnet-base-v2/resolve/main/sentence_bert_config.json HTTP/11" 200 0
2024-09-04 11:47:46,543 [DEBUG] https://huggingface.co:443 "HEAD /sentence-transformers/all-mpnet-base-v2/resolve/main/config.json HTTP/11" 200 0
2024-09-04 11:47:47,189 [DEBUG] https://huggingface.co:443 "HEAD /sentence-transformers/all-mpnet-base-v2/resolve/main/tokenizer_config.json HTTP/11" 200 0
2024-09-04 11:47:47,376 [DEBUG] https://huggingface.co:443 "GET /api/models/sentence-transformers/all-mpnet-base-v2/revision/main HTTP/11" 200 5981
2024-09-04 11:47:47,536 [DEBUG] https://huggingface.co:443 "GET /api/models/sentence-transformers/all-mpnet-base-v2 HTTP/11" 200 5979
